<?xml version="1.0" encoding="UTF-8"?>
<testng-results skipped="0" failed="0" ignored="0" total="4" passed="4">
  <reporter-output>
  </reporter-output>
  <suite name="Suite" duration-ms="31" started-at="2019-03-11T19:10:05Z" finished-at="2019-03-11T19:10:05Z">
    <groups>
    </groups>
    <test name="Test" duration-ms="31" started-at="2019-03-11T19:10:05Z" finished-at="2019-03-11T19:10:05Z">
      <class name="qaclickacademy.RestAPITest">
        <test-method status="PASS" signature="deleteTwitter()[pri:0, instance:qaclickacademy.RestAPITest@531be3c5]" name="deleteTwitter" duration-ms="0" started-at="2019-03-12T00:40:05Z" finished-at="2019-03-12T00:40:05Z">
          <reporter-output>
          </reporter-output>
        </test-method> <!-- deleteTwitter -->
        <test-method status="PASS" signature="postJira()[pri:0, instance:qaclickacademy.RestAPITest@531be3c5]" name="postJira" duration-ms="0" started-at="2019-03-12T00:40:05Z" finished-at="2019-03-12T00:40:05Z">
          <reporter-output>
          </reporter-output>
        </test-method> <!-- postJira -->
      </class> <!-- qaclickacademy.RestAPITest -->
      <class name="qaclickacademy.SeleniumTest">
        <test-method status="PASS" signature="Browserautomation()[pri:0, instance:qaclickacademy.SeleniumTest@36f6e879]" name="Browserautomation" duration-ms="0" started-at="2019-03-12T00:40:05Z" finished-at="2019-03-12T00:40:05Z">
          <reporter-output>
          </reporter-output>
        </test-method> <!-- Browserautomation -->
        <test-method status="PASS" signature="elementsui()[pri:0, instance:qaclickacademy.SeleniumTest@36f6e879]" name="elementsui" duration-ms="0" started-at="2019-03-12T00:40:05Z" finished-at="2019-03-12T00:40:05Z">
          <reporter-output>
          </reporter-output>
        </test-method> <!-- elementsui -->
      </class> <!-- qaclickacademy.SeleniumTest -->
    </test> <!-- Test -->
  </suite> <!-- Suite -->
</testng-results>
